FSM 1 : VALID TRANSITION GRAPH

0000001 : STATE IS REACHABLE FROM OUTSIDE.

   OUTGOING TRANSITIONS:
      0000010
      0000001

   INCOMING TRANSITIONS:
      0000001


0000010 : FSM STATE NOT REACHABLE FROM OUTSIDE.

   OUTGOING TRANSITIONS:
      0000100

   INCOMING TRANSITIONS:
      0000001
      1000000


0000100 : FSM STATE NOT REACHABLE FROM OUTSIDE.

   OUTGOING TRANSITIONS:
      0001000
      0000100

   INCOMING TRANSITIONS:
      0000010
      0000100


0001000 : FSM STATE NOT REACHABLE FROM OUTSIDE.

   OUTGOING TRANSITIONS:
      0010000

   INCOMING TRANSITIONS:
      0000100


1000000 : FSM STATE NOT REACHABLE FROM OUTSIDE.

   OUTGOING TRANSITIONS:
      0000010
      1000000

   INCOMING TRANSITIONS:
      0100000
      1000000


0010000 : FSM STATE NOT REACHABLE FROM OUTSIDE.

   OUTGOING TRANSITIONS:
      0100000

   INCOMING TRANSITIONS:
      0001000


0100000 : FSM STATE NOT REACHABLE FROM OUTSIDE.

   OUTGOING TRANSITIONS:
      1000000
      0100000

   INCOMING TRANSITIONS:
      0010000
      0100000


FSM 1 : VALID TRANSITION GRAPH

0000001 : STATE IS REACHABLE FROM OUTSIDE.

   OUTGOING TRANSITIONS:
      0000010
      0000001

   INCOMING TRANSITIONS:
      0000001


0000010 : FSM STATE NOT REACHABLE FROM OUTSIDE.

   OUTGOING TRANSITIONS:
      0000100

   INCOMING TRANSITIONS:
      0000001
      1000000


0000100 : FSM STATE NOT REACHABLE FROM OUTSIDE.

   OUTGOING TRANSITIONS:
      0001000
      0000100

   INCOMING TRANSITIONS:
      0000010
      0000100


0001000 : FSM STATE NOT REACHABLE FROM OUTSIDE.

   OUTGOING TRANSITIONS:
      0010000

   INCOMING TRANSITIONS:
      0000100


1000000 : FSM STATE NOT REACHABLE FROM OUTSIDE.

   OUTGOING TRANSITIONS:
      0000010
      1000000

   INCOMING TRANSITIONS:
      0100000
      1000000


0010000 : FSM STATE NOT REACHABLE FROM OUTSIDE.

   OUTGOING TRANSITIONS:
      0100000

   INCOMING TRANSITIONS:
      0001000


0100000 : FSM STATE NOT REACHABLE FROM OUTSIDE.

   OUTGOING TRANSITIONS:
      1000000
      0100000

   INCOMING TRANSITIONS:
      0010000
      0100000


FSM 1 : VALID TRANSITION GRAPH

0000001 : STATE IS REACHABLE FROM OUTSIDE.

   OUTGOING TRANSITIONS:
      0000010
      0000001

   INCOMING TRANSITIONS:
      0000001


0000010 : FSM STATE NOT REACHABLE FROM OUTSIDE.

   OUTGOING TRANSITIONS:
      0000100

   INCOMING TRANSITIONS:
      0000001
      1000000


0000100 : FSM STATE NOT REACHABLE FROM OUTSIDE.

   OUTGOING TRANSITIONS:
      0001000
      0000100

   INCOMING TRANSITIONS:
      0000010
      0000100


0001000 : FSM STATE NOT REACHABLE FROM OUTSIDE.

   OUTGOING TRANSITIONS:
      0010000

   INCOMING TRANSITIONS:
      0000100


1000000 : FSM STATE NOT REACHABLE FROM OUTSIDE.

   OUTGOING TRANSITIONS:
      0000010
      1000000

   INCOMING TRANSITIONS:
      0100000
      1000000


0010000 : FSM STATE NOT REACHABLE FROM OUTSIDE.

   OUTGOING TRANSITIONS:
      0100000

   INCOMING TRANSITIONS:
      0001000


0100000 : FSM STATE NOT REACHABLE FROM OUTSIDE.

   OUTGOING TRANSITIONS:
      1000000
      0100000

   INCOMING TRANSITIONS:
      0010000
      0100000


FSM 1 : VALID TRANSITION GRAPH

0000001 : STATE IS REACHABLE FROM OUTSIDE.

   OUTGOING TRANSITIONS:
      0000010
      0000001

   INCOMING TRANSITIONS:
      0000001


0000010 : FSM STATE NOT REACHABLE FROM OUTSIDE.

   OUTGOING TRANSITIONS:
      0000100

   INCOMING TRANSITIONS:
      0000001
      1000000


0000100 : FSM STATE NOT REACHABLE FROM OUTSIDE.

   OUTGOING TRANSITIONS:
      0001000
      0000100

   INCOMING TRANSITIONS:
      0000010
      0000100


0001000 : FSM STATE NOT REACHABLE FROM OUTSIDE.

   OUTGOING TRANSITIONS:
      0010000

   INCOMING TRANSITIONS:
      0000100


1000000 : FSM STATE NOT REACHABLE FROM OUTSIDE.

   OUTGOING TRANSITIONS:
      0000010
      1000000

   INCOMING TRANSITIONS:
      0100000
      1000000


0010000 : FSM STATE NOT REACHABLE FROM OUTSIDE.

   OUTGOING TRANSITIONS:
      0100000

   INCOMING TRANSITIONS:
      0001000


0100000 : FSM STATE NOT REACHABLE FROM OUTSIDE.

   OUTGOING TRANSITIONS:
      1000000
      0100000

   INCOMING TRANSITIONS:
      0010000
      0100000


FSM 1 : VALID TRANSITION GRAPH

0000001 : STATE IS REACHABLE FROM OUTSIDE.

   OUTGOING TRANSITIONS:
      0000010
      0000001

   INCOMING TRANSITIONS:
      0000001


0000010 : FSM STATE NOT REACHABLE FROM OUTSIDE.

   OUTGOING TRANSITIONS:
      0000100

   INCOMING TRANSITIONS:
      0000001
      1000000


0000100 : FSM STATE NOT REACHABLE FROM OUTSIDE.

   OUTGOING TRANSITIONS:
      0001000
      0000100

   INCOMING TRANSITIONS:
      0000010
      0000100


0001000 : FSM STATE NOT REACHABLE FROM OUTSIDE.

   OUTGOING TRANSITIONS:
      0010000

   INCOMING TRANSITIONS:
      0000100


1000000 : FSM STATE NOT REACHABLE FROM OUTSIDE.

   OUTGOING TRANSITIONS:
      0000010
      1000000

   INCOMING TRANSITIONS:
      0100000
      1000000


0010000 : FSM STATE NOT REACHABLE FROM OUTSIDE.

   OUTGOING TRANSITIONS:
      0100000

   INCOMING TRANSITIONS:
      0001000


0100000 : FSM STATE NOT REACHABLE FROM OUTSIDE.

   OUTGOING TRANSITIONS:
      1000000
      0100000

   INCOMING TRANSITIONS:
      0010000
      0100000


FSM 1 : VALID TRANSITION GRAPH

0000001 : STATE IS REACHABLE FROM OUTSIDE.

   OUTGOING TRANSITIONS:
      0000010
      0000001

   INCOMING TRANSITIONS:
      0000001


0000010 : FSM STATE NOT REACHABLE FROM OUTSIDE.

   OUTGOING TRANSITIONS:
      0000100

   INCOMING TRANSITIONS:
      0000001
      1000000


0000100 : FSM STATE NOT REACHABLE FROM OUTSIDE.

   OUTGOING TRANSITIONS:
      0001000
      0000100

   INCOMING TRANSITIONS:
      0000010
      0000100


0001000 : FSM STATE NOT REACHABLE FROM OUTSIDE.

   OUTGOING TRANSITIONS:
      0010000

   INCOMING TRANSITIONS:
      0000100


1000000 : FSM STATE NOT REACHABLE FROM OUTSIDE.

   OUTGOING TRANSITIONS:
      0000010
      1000000

   INCOMING TRANSITIONS:
      0100000
      1000000


0010000 : FSM STATE NOT REACHABLE FROM OUTSIDE.

   OUTGOING TRANSITIONS:
      0100000

   INCOMING TRANSITIONS:
      0001000


0100000 : FSM STATE NOT REACHABLE FROM OUTSIDE.

   OUTGOING TRANSITIONS:
      1000000
      0100000

   INCOMING TRANSITIONS:
      0010000
      0100000


FSM 1 : VALID TRANSITION GRAPH

0000001 : STATE IS REACHABLE FROM OUTSIDE.

   OUTGOING TRANSITIONS:
      0000010
      0000001

   INCOMING TRANSITIONS:
      0000001


0000010 : FSM STATE NOT REACHABLE FROM OUTSIDE.

   OUTGOING TRANSITIONS:
      0000100

   INCOMING TRANSITIONS:
      0000001
      1000000


0000100 : FSM STATE NOT REACHABLE FROM OUTSIDE.

   OUTGOING TRANSITIONS:
      0001000
      0000100

   INCOMING TRANSITIONS:
      0000010
      0000100


0001000 : FSM STATE NOT REACHABLE FROM OUTSIDE.

   OUTGOING TRANSITIONS:
      0010000

   INCOMING TRANSITIONS:
      0000100


1000000 : FSM STATE NOT REACHABLE FROM OUTSIDE.

   OUTGOING TRANSITIONS:
      0000010
      1000000

   INCOMING TRANSITIONS:
      0100000
      1000000


0010000 : FSM STATE NOT REACHABLE FROM OUTSIDE.

   OUTGOING TRANSITIONS:
      0100000

   INCOMING TRANSITIONS:
      0001000


0100000 : FSM STATE NOT REACHABLE FROM OUTSIDE.

   OUTGOING TRANSITIONS:
      1000000
      0100000

   INCOMING TRANSITIONS:
      0010000
      0100000


FSM 1 : VALID TRANSITION GRAPH

0000001 : STATE IS REACHABLE FROM OUTSIDE.

   OUTGOING TRANSITIONS:
      0000010
      0000001

   INCOMING TRANSITIONS:
      0000001


0000010 : FSM STATE NOT REACHABLE FROM OUTSIDE.

   OUTGOING TRANSITIONS:
      0000100

   INCOMING TRANSITIONS:
      0000001
      1000000


0000100 : FSM STATE NOT REACHABLE FROM OUTSIDE.

   OUTGOING TRANSITIONS:
      0001000
      0000100

   INCOMING TRANSITIONS:
      0000010
      0000100


0001000 : FSM STATE NOT REACHABLE FROM OUTSIDE.

   OUTGOING TRANSITIONS:
      0010000

   INCOMING TRANSITIONS:
      0000100


1000000 : FSM STATE NOT REACHABLE FROM OUTSIDE.

   OUTGOING TRANSITIONS:
      0000010
      1000000

   INCOMING TRANSITIONS:
      0100000
      1000000


0010000 : FSM STATE NOT REACHABLE FROM OUTSIDE.

   OUTGOING TRANSITIONS:
      0100000

   INCOMING TRANSITIONS:
      0001000


0100000 : FSM STATE NOT REACHABLE FROM OUTSIDE.

   OUTGOING TRANSITIONS:
      1000000
      0100000

   INCOMING TRANSITIONS:
      0010000
      0100000


FSM 1 : VALID TRANSITION GRAPH

0000001 : STATE IS REACHABLE FROM OUTSIDE.

   OUTGOING TRANSITIONS:
      0000010
      0000001

   INCOMING TRANSITIONS:
      0000001


0000010 : FSM STATE NOT REACHABLE FROM OUTSIDE.

   OUTGOING TRANSITIONS:
      0000100

   INCOMING TRANSITIONS:
      0000001
      1000000


0000100 : FSM STATE NOT REACHABLE FROM OUTSIDE.

   OUTGOING TRANSITIONS:
      0001000
      0000100

   INCOMING TRANSITIONS:
      0000010
      0000100


0001000 : FSM STATE NOT REACHABLE FROM OUTSIDE.

   OUTGOING TRANSITIONS:
      0010000

   INCOMING TRANSITIONS:
      0000100


1000000 : FSM STATE NOT REACHABLE FROM OUTSIDE.

   OUTGOING TRANSITIONS:
      0000010
      1000000

   INCOMING TRANSITIONS:
      0100000
      1000000


0010000 : FSM STATE NOT REACHABLE FROM OUTSIDE.

   OUTGOING TRANSITIONS:
      0100000

   INCOMING TRANSITIONS:
      0001000


0100000 : FSM STATE NOT REACHABLE FROM OUTSIDE.

   OUTGOING TRANSITIONS:
      1000000
      0100000

   INCOMING TRANSITIONS:
      0010000
      0100000


FSM 1 : VALID TRANSITION GRAPH

0000001 : STATE IS REACHABLE FROM OUTSIDE.

   OUTGOING TRANSITIONS:
      0000010
      0000001

   INCOMING TRANSITIONS:
      0000001


0000010 : FSM STATE NOT REACHABLE FROM OUTSIDE.

   OUTGOING TRANSITIONS:
      0000100

   INCOMING TRANSITIONS:
      0000001
      1000000


0000100 : FSM STATE NOT REACHABLE FROM OUTSIDE.

   OUTGOING TRANSITIONS:
      0001000
      0000100

   INCOMING TRANSITIONS:
      0000010
      0000100


0001000 : FSM STATE NOT REACHABLE FROM OUTSIDE.

   OUTGOING TRANSITIONS:
      0010000

   INCOMING TRANSITIONS:
      0000100


1000000 : FSM STATE NOT REACHABLE FROM OUTSIDE.

   OUTGOING TRANSITIONS:
      0000010
      1000000

   INCOMING TRANSITIONS:
      0100000
      1000000


0010000 : FSM STATE NOT REACHABLE FROM OUTSIDE.

   OUTGOING TRANSITIONS:
      0100000

   INCOMING TRANSITIONS:
      0001000


0100000 : FSM STATE NOT REACHABLE FROM OUTSIDE.

   OUTGOING TRANSITIONS:
      1000000
      0100000

   INCOMING TRANSITIONS:
      0010000
      0100000


FSM 1 : VALID TRANSITION GRAPH

0000001 : STATE IS REACHABLE FROM OUTSIDE.

   OUTGOING TRANSITIONS:
      0000010
      0000001

   INCOMING TRANSITIONS:
      0000001


0000010 : FSM STATE NOT REACHABLE FROM OUTSIDE.

   OUTGOING TRANSITIONS:
      0000100

   INCOMING TRANSITIONS:
      0000001
      1000000


0000100 : FSM STATE NOT REACHABLE FROM OUTSIDE.

   OUTGOING TRANSITIONS:
      0001000
      0000100

   INCOMING TRANSITIONS:
      0000010
      0000100


0001000 : FSM STATE NOT REACHABLE FROM OUTSIDE.

   OUTGOING TRANSITIONS:
      0010000

   INCOMING TRANSITIONS:
      0000100


1000000 : FSM STATE NOT REACHABLE FROM OUTSIDE.

   OUTGOING TRANSITIONS:
      0000010
      1000000

   INCOMING TRANSITIONS:
      0100000
      1000000


0010000 : FSM STATE NOT REACHABLE FROM OUTSIDE.

   OUTGOING TRANSITIONS:
      0100000

   INCOMING TRANSITIONS:
      0001000


0100000 : FSM STATE NOT REACHABLE FROM OUTSIDE.

   OUTGOING TRANSITIONS:
      1000000
      0100000

   INCOMING TRANSITIONS:
      0010000
      0100000


FSM 1 : VALID TRANSITION GRAPH

0000001 : STATE IS REACHABLE FROM OUTSIDE.

   OUTGOING TRANSITIONS:
      0000010
      0000001

   INCOMING TRANSITIONS:
      0000001


0000010 : FSM STATE NOT REACHABLE FROM OUTSIDE.

   OUTGOING TRANSITIONS:
      0000100

   INCOMING TRANSITIONS:
      0000001
      1000000


0000100 : FSM STATE NOT REACHABLE FROM OUTSIDE.

   OUTGOING TRANSITIONS:
      0001000
      0000100

   INCOMING TRANSITIONS:
      0000010
      0000100


0001000 : FSM STATE NOT REACHABLE FROM OUTSIDE.

   OUTGOING TRANSITIONS:
      0010000

   INCOMING TRANSITIONS:
      0000100


1000000 : FSM STATE NOT REACHABLE FROM OUTSIDE.

   OUTGOING TRANSITIONS:
      0000010
      1000000

   INCOMING TRANSITIONS:
      0100000
      1000000


0010000 : FSM STATE NOT REACHABLE FROM OUTSIDE.

   OUTGOING TRANSITIONS:
      0100000

   INCOMING TRANSITIONS:
      0001000


0100000 : FSM STATE NOT REACHABLE FROM OUTSIDE.

   OUTGOING TRANSITIONS:
      1000000
      0100000

   INCOMING TRANSITIONS:
      0010000
      0100000


