


~~~~~~~~~~~~~~~~~~~~~~~~~~~~~~~~~
Module : work.fsm_Present_MEM(A)
~~~~~~~~~~~~~~~~~~~~~~~~~~~~~~~~~
Number of FSMs Extracted : 1

1.
--------------------------------------------------
Number of States                : 7
Primary State Variable          : current_state[6:0]
Other State Variable(s)         : 1) next_state[6:0]
Async set/reset state(s)        : 0000001 
Re-encoding Scheme              : ONEHOT 
FSM: Info, state encoding table:
FSM:	Index	                         State Name	                            Literal	                      Encoding
FSM:	    0	                            RESET_S	                            0000001	                       0000001
FSM:	    1	                           LOAD_KEY	                            0000010	                       0000010
FSM:	    2	                       GENERATE_KEY	                            0000100	                       0000100
FSM:	    3	                           WAIT_MEM	                            0001000	                       0001000
FSM:	    4	                          LOAD_TEXT	                            0010000	                       0010000
FSM:	    5	                          LOOP_TEXT	                            0100000	                       0100000
FSM:	    6	                           TEXT_OUT	                            1000000	                       1000000



