FSM 1 : VALID TRANSITION GRAPH

00001 : STATE IS REACHABLE FROM OUTSIDE.

   OUTGOING TRANSITIONS:
      00010
      00001

   INCOMING TRANSITIONS:
      00001


00010 : FSM STATE NOT REACHABLE FROM OUTSIDE.

   OUTGOING TRANSITIONS:
      00100

   INCOMING TRANSITIONS:
      00001
      10000


00100 : FSM STATE NOT REACHABLE FROM OUTSIDE.

   OUTGOING TRANSITIONS:
      01000

   INCOMING TRANSITIONS:
      00010


01000 : FSM STATE NOT REACHABLE FROM OUTSIDE.

   OUTGOING TRANSITIONS:
      10000
      01000

   INCOMING TRANSITIONS:
      00100
      01000


10000 : FSM STATE NOT REACHABLE FROM OUTSIDE.

   OUTGOING TRANSITIONS:
      00010
      10000

   INCOMING TRANSITIONS:
      01000
      10000


FSM 1 : VALID TRANSITION GRAPH

00001 : STATE IS REACHABLE FROM OUTSIDE.

   OUTGOING TRANSITIONS:
      00010
      00001

   INCOMING TRANSITIONS:
      00001


00010 : FSM STATE NOT REACHABLE FROM OUTSIDE.

   OUTGOING TRANSITIONS:
      00100

   INCOMING TRANSITIONS:
      00001
      10000


00100 : FSM STATE NOT REACHABLE FROM OUTSIDE.

   OUTGOING TRANSITIONS:
      01000

   INCOMING TRANSITIONS:
      00010


01000 : FSM STATE NOT REACHABLE FROM OUTSIDE.

   OUTGOING TRANSITIONS:
      10000
      01000

   INCOMING TRANSITIONS:
      00100
      01000


10000 : FSM STATE NOT REACHABLE FROM OUTSIDE.

   OUTGOING TRANSITIONS:
      00010
      10000

   INCOMING TRANSITIONS:
      01000
      10000


FSM 1 : VALID TRANSITION GRAPH

00001 : STATE IS REACHABLE FROM OUTSIDE.

   OUTGOING TRANSITIONS:
      00010
      00001

   INCOMING TRANSITIONS:
      00001


00010 : FSM STATE NOT REACHABLE FROM OUTSIDE.

   OUTGOING TRANSITIONS:
      00100

   INCOMING TRANSITIONS:
      00001
      10000


00100 : FSM STATE NOT REACHABLE FROM OUTSIDE.

   OUTGOING TRANSITIONS:
      01000

   INCOMING TRANSITIONS:
      00010


01000 : FSM STATE NOT REACHABLE FROM OUTSIDE.

   OUTGOING TRANSITIONS:
      10000
      01000

   INCOMING TRANSITIONS:
      00100
      01000


10000 : FSM STATE NOT REACHABLE FROM OUTSIDE.

   OUTGOING TRANSITIONS:
      00010
      10000

   INCOMING TRANSITIONS:
      01000
      10000


FSM 1 : VALID TRANSITION GRAPH

00001 : STATE IS REACHABLE FROM OUTSIDE.

   OUTGOING TRANSITIONS:
      00010
      00001

   INCOMING TRANSITIONS:
      00001


00010 : FSM STATE NOT REACHABLE FROM OUTSIDE.

   OUTGOING TRANSITIONS:
      00100

   INCOMING TRANSITIONS:
      00001
      10000


00100 : FSM STATE NOT REACHABLE FROM OUTSIDE.

   OUTGOING TRANSITIONS:
      01000

   INCOMING TRANSITIONS:
      00010


01000 : FSM STATE NOT REACHABLE FROM OUTSIDE.

   OUTGOING TRANSITIONS:
      10000
      01000

   INCOMING TRANSITIONS:
      00100
      01000


10000 : FSM STATE NOT REACHABLE FROM OUTSIDE.

   OUTGOING TRANSITIONS:
      00010
      10000

   INCOMING TRANSITIONS:
      01000
      10000


FSM 1 : VALID TRANSITION GRAPH

00001 : STATE IS REACHABLE FROM OUTSIDE.

   OUTGOING TRANSITIONS:
      00010
      00001

   INCOMING TRANSITIONS:
      00001


00010 : FSM STATE NOT REACHABLE FROM OUTSIDE.

   OUTGOING TRANSITIONS:
      00100

   INCOMING TRANSITIONS:
      00001
      10000


00100 : FSM STATE NOT REACHABLE FROM OUTSIDE.

   OUTGOING TRANSITIONS:
      01000

   INCOMING TRANSITIONS:
      00010


01000 : FSM STATE NOT REACHABLE FROM OUTSIDE.

   OUTGOING TRANSITIONS:
      10000
      01000

   INCOMING TRANSITIONS:
      00100
      01000


10000 : FSM STATE NOT REACHABLE FROM OUTSIDE.

   OUTGOING TRANSITIONS:
      00010
      10000

   INCOMING TRANSITIONS:
      01000
      10000


