# Info: [9566]: Logging session transcript to file /tp/xph2sei/xph2sei401/ProjetNumeriquePhelma/synth/TRANSM/precision.log
//  Precision RTL Synthesis 2014a.1_64-bit (Production Release) Mon Feb 24 02:39:08 PST 2014
//  
//  Copyright (c) Mentor Graphics Corporation, 1996-2014, All Rights Reserved.
//             Portions copyright 1991-2008 Compuware Corporation
//                       UNPUBLISHED, LICENSED SOFTWARE.
//            CONFIDENTIAL AND PROPRIETARY INFORMATION WHICH IS THE
//          PROPERTY OF MENTOR GRAPHICS CORPORATION OR ITS LICENSORS
//  
//  Running on Linux xph2sei401@cimepc08 #1 SMP Debian 3.2.68-1+deb7u5 3.2.0-4-amd64 x86_64
//  
//  Start time Thu Apr 26 10:57:00 2018
# -------------------------------------------------
# Info: [9566]: Logging session transcript to file /tp/xph2sei/xph2sei401/ProjetNumeriquePhelma/synth/TRANSM/precision.log
# COMMAND: new_project -name serial_in -folder /tp/xph2sei/xph2sei401/ProjetNumeriquePhelma/synth/TRANSM -createimpl_name serial_in_impl_1
# Info: [9574]: Input directory: /tp/xph2sei/xph2sei401/ProjetNumeriquePhelma/synth/TRANSM
# Info: [9569]: Moving session transcript to file /tp/xph2sei/xph2sei401/ProjetNumeriquePhelma/synth/TRANSM/precision.log
# Info: [9555]: Created project /tp/xph2sei/xph2sei401/ProjetNumeriquePhelma/synth/TRANSM/serial_in.psp in folder /tp/xph2sei/xph2sei401/ProjetNumeriquePhelma/synth/TRANSM.
# Info: [9531]: Created directory: /tp/xph2sei/xph2sei401/ProjetNumeriquePhelma/synth/TRANSM/serial_in_impl_1.
# Info: [9554]: Created implementation serial_in_impl_1 in project /tp/xph2sei/xph2sei401/ProjetNumeriquePhelma/synth/TRANSM/serial_in.psp.
# Info: [9575]: The Results Directory has been set to: /tp/xph2sei/xph2sei401/ProjetNumeriquePhelma/synth/TRANSM/serial_in_impl_1/
# Info: [9566]: Logging project transcript to file /tp/xph2sei/xph2sei401/ProjetNumeriquePhelma/synth/TRANSM/serial_in_impl_1/precision.log
# Info: [9566]: Logging suppressed messages transcript to file /tp/xph2sei/xph2sei401/ProjetNumeriquePhelma/synth/TRANSM/serial_in_impl_1/precision.log.suppressed
# Info: [9550]: Activated implementation serial_in_impl_1 in project /tp/xph2sei/xph2sei401/ProjetNumeriquePhelma/synth/TRANSM/serial_in.psp.
new_project -name serial_in -folder /tp/xph2sei/xph2sei401/ProjetNumeriquePhelma/synth/TRANSM -createimpl_name serial_in_impl_1
# COMMAND: add_input_file {../../vhd/UART/ascii_to_hexa.vhd ../../vhd/UART/emiss_recep_rs232_bram.vhd ../../vhd/UART/emiss_rs232.vhd ../../vhd/UART/fsm_shift_write.vhd ../../vhd/UART/fsm_write.vhd ../../vhd/UART/hexa_to_ascii.vhd ../../vhd/UART/recep_rs232.vhd ../../vhd/UART/shift_register.vhd ../../vhd/UART/zedb_emiss_recep_rs232_bram.xdc}
add_input_file {../../vhd/UART/ascii_to_hexa.vhd ../../vhd/UART/emiss_recep_rs232_bram.vhd ../../vhd/UART/emiss_rs232.vhd ../../vhd/UART/fsm_shift_write.vhd ../../vhd/UART/fsm_write.vhd ../../vhd/UART/hexa_to_ascii.vhd ../../vhd/UART/recep_rs232.vhd ../../vhd/UART/shift_register.vhd ../../vhd/UART/zedb_emiss_recep_rs232_bram.xdc}
# COMMAND: move_input_file_to_bottom -from {1}
move_input_file_to_bottom -from {1}
# COMMAND: exit -force
# Warning: [9526]: Discarded unsaved work in implementation serial_in_impl_1.
# Info: [9530]: Closed project: /tp/xph2sei/xph2sei401/ProjetNumeriquePhelma/synth/TRANSM/serial_in.psp.
close_project -discard
exit -force
